<?xml version="1.0" encoding="UTF-8"?>
<testsuite name="TestMontlySubscription" tests="1" skipped="0" failures="0" errors="0" timestamp="2021-05-17T09:15:20" hostname="Phavithras-MacBook-Pro.local" time="0.003">
  <properties/>
  <testcase name="sampleTest" classname="TestMontlySubscription" time="0.003"/>
  <system-out><![CDATA[hello
]]></system-out>
  <system-err><![CDATA[]]></system-err>
</testsuite>
